2024-08-13 01:26:58,591 Run Disabled, Exiting Process: __main__
2024-08-13 01:27:28,673 File unchanged, skipping backup: C:\Users\Milind\Music\@coldplay - Clocks (Lyrics) - Dan Music.m4a
2024-08-13 01:27:28,713 File unchanged, skipping backup: C:\Users\Milind\Music\A Man Without Love - Engelbert Humperdinck.m4a
2024-08-13 01:27:28,754 File unchanged, skipping backup: C:\Users\Milind\Music\Afterglow - Ed Sheeran.m4a
2024-08-13 01:27:28,800 File unchanged, skipping backup: C:\Users\Milind\Music\Air Gear OST - 30 - Anthem 4 Pipe Dreams.mp3
2024-08-13 01:27:28,868 File unchanged, skipping backup: C:\Users\Milind\Music\Alan Silvestri - The Real Hero (From Avengers Endgame Audio Only).mp3
2024-08-13 01:27:28,890 File unchanged, skipping backup: C:\Users\Milind\Music\ANRI - I Can't Stop The Loneliness - konata.m4a
2024-08-13 01:27:28,911 File unchanged, skipping backup: C:\Users\Milind\Music\ANRI - I Can_t Stop The Loneliness - konata.m4a
2024-08-13 01:27:28,911 File unchanged, skipping backup: C:\Users\Milind\Music\au_uu_SzH34yR2.mp3
2024-08-13 01:27:28,926 File unchanged, skipping backup: C:\Users\Milind\Music\Baby One More Time (from Kung Fu Panda 4) - Tenacious D.m4a
2024-08-13 01:27:28,939 File unchanged, skipping backup: C:\Users\Milind\Music\Belong Together - Mark Ambor.m4a
2024-08-13 01:27:28,975 File unchanged, skipping backup: C:\Users\Milind\Music\Blue - Best In Me [with].mp3
2024-08-13 01:27:29,018 File unchanged, skipping backup: C:\Users\Milind\Music\blue - you make me wanna.mp3
2024-08-13 01:27:29,060 File unchanged, skipping backup: C:\Users\Milind\Music\Blue Featuring Elton John - Sorry Seems To Be The Hardest Word (Official Video).mp3
2024-08-13 01:27:29,060 File unchanged, skipping backup: C:\Users\Milind\Music\Blue.m3u
2024-08-13 01:27:29,100 File unchanged, skipping backup: C:\Users\Milind\Music\Camila Cabello - Havana (Audio) ft. Young Thug.mp3
2024-08-13 01:27:29,123 File unchanged, skipping backup: C:\Users\Milind\Music\Chaand Baaliyan - Aditya A.m4a
2024-08-13 01:27:29,135 File unchanged, skipping backup: C:\Users\Milind\Music\City of Stars - Ryan Gosling & Emma Stone.m4a
2024-08-13 01:27:29,144 File unchanged, skipping backup: C:\Users\Milind\Music\City Of Stars - Ryan Gosling.m4a
2024-08-13 01:27:29,164 File unchanged, skipping backup: C:\Users\Milind\Music\Crow - Jin san Kim \uae40\uc9c4\uc0b0.m4a
2024-08-13 01:27:29,165 File unchanged, skipping backup: C:\Users\Milind\Music\desktop.ini
2024-08-13 01:27:29,185 File unchanged, skipping backup: C:\Users\Milind\Music\Eden - MONKEY MAJIK OFFICIAL CHANNEL.m4a
2024-08-13 01:27:29,196 File unchanged, skipping backup: C:\Users\Milind\Music\Eminem - Stan ft. Dido (mp3cut.net).mp3
2024-08-13 01:27:29,196 File unchanged, skipping backup: C:\Users\Milind\Music\English.m3u
2024-08-13 01:27:29,197 File unchanged, skipping backup: C:\Users\Milind\Music\English.sync-conflict-20240812-234744-OVWUR2L.m3u
2024-08-13 01:27:29,216 File unchanged, skipping backup: C:\Users\Milind\Music\Have you Heard.mp3
2024-08-13 01:27:29,264 File unchanged, skipping backup: C:\Users\Milind\Music\Hikaru Nara (\u5149\u308b\u306a\u3089) - Genshin Chinese VAs Colour Coded (Kan Rom Eng).mp3
2024-08-13 01:27:29,264 File unchanged, skipping backup: C:\Users\Milind\Music\Hindi songs.m3u
2024-08-13 01:27:29,280 File unchanged, skipping backup: C:\Users\Milind\Music\I Need You Most Of All - Stephen Sanchez.m4a
2024-08-13 01:27:29,320 File unchanged, skipping backup: C:\Users\Milind\Music\I Want It That Way - Backstreet Boys.m4a
2024-08-13 01:27:29,340 File unchanged, skipping backup: C:\Users\Milind\Music\I Was Made For Lovin’ You (from The Fall Guy) - YUNGBLUD.m4a
2024-08-13 01:27:29,342 File unchanged, skipping backup: C:\Users\Milind\Music\Japanese songs.m3u
2024-08-13 01:27:29,380 File unchanged, skipping backup: C:\Users\Milind\Music\kali uchis - telepatía (slowed & reverb) [with] (1).mp3
2024-08-13 01:27:29,399 File unchanged, skipping backup: C:\Users\Milind\Music\Need For Speed (Linkin Park - Roads Untraveled) Music Video - Martin Johannessen.m4a
2024-08-13 01:27:29,414 File unchanged, skipping backup: C:\Users\Milind\Music\NSYNC - Bye Bye Bye (Lyrics) (from Deadpool & Wolverine) - GOD LYRICS.m4a
2024-08-13 01:27:29,428 File unchanged, skipping backup: C:\Users\Milind\Music\Old Town Road (Official Video) (feat Billy Ray Cyrus) - Lil Nas X.m4a
2024-08-13 01:27:29,429 File unchanged, skipping backup: C:\Users\Milind\Music\Other.m3u
2024-08-13 01:27:29,451 File unchanged, skipping backup: C:\Users\Milind\Music\Over_the_Horizon.mp3
2024-08-13 01:27:29,469 File unchanged, skipping backup: C:\Users\Milind\Music\Rauf & Faik  \u044d\u0442\u043e \u043b\u0438 \u0441\u0447\u0430\u0441\u0442\u044c\u0435 (Official Audio) - Rauf & Faik.m4a
2024-08-13 01:27:29,506 File unchanged, skipping backup: C:\Users\Milind\Music\Señorita - Shawn Mendes, Camila Cabello.m4a
2024-08-13 01:27:29,551 File unchanged, skipping backup: C:\Users\Milind\Music\Shape of You - Ed Sheeran.m4a
2024-08-13 01:27:29,565 File unchanged, skipping backup: C:\Users\Milind\Music\Shinunoga E-Wa - Fujii Kaze.m4a
2024-08-13 01:27:29,585 File unchanged, skipping backup: C:\Users\Milind\Music\Somewhere Only We Know - Keane.m4a
2024-08-13 01:27:29,585 File unchanged, skipping backup: C:\Users\Milind\Music\Treat.m3u
2024-08-13 01:27:29,647 File unchanged, skipping backup: C:\Users\Milind\Music\Tum Se Hi - Pritam, Mohit Chauhan.m4a
2024-08-13 01:27:29,707 File unchanged, skipping backup: C:\Users\Milind\Music\Tune Jo Na Kaha - Mohit Chauhan, Pritam, Sandeep Shrivastava.m4a
2024-08-13 01:27:29,720 File unchanged, skipping backup: C:\Users\Milind\Music\Zara Zara behekta h (mp3cut.net).mp3
2024-08-13 01:27:29,767 File unchanged, skipping backup: C:\Users\Milind\Music\[TYER] English Shigatsu wa Kimi no Uso OP1 - Hikaru Nara [feat. Group] (FULL).mp3
2024-08-13 01:27:29,792 File unchanged, skipping backup: C:\Users\Milind\Music\\u571f\u5c90\u9ebb\u5b50 \u300cHOME\u300dMusic Video - Asako Toki.m4a
2024-08-13 01:27:29,793 File unchanged, skipping backup: C:\Users\Milind\Music\.thumbnails\.database_uuid
2024-08-13 01:27:29,793 File unchanged, skipping backup: C:\Users\Milind\Music\.thumbnails\.nomedia
2024-08-13 01:27:29,793 File unchanged, skipping backup: C:\Users\Milind\Music\.thumbnails\1000001763.jpg
2024-08-13 01:27:29,817 File unchanged, skipping backup: C:\Users\Milind\Music\Samsung\Over_the_Horizon.mp3
2024-08-13 01:27:59,915 File unchanged, skipping backup: C:\Users\Milind\Music\@coldplay - Clocks (Lyrics) - Dan Music.m4a
2024-08-13 01:27:59,960 File unchanged, skipping backup: C:\Users\Milind\Music\A Man Without Love - Engelbert Humperdinck.m4a
2024-08-13 01:28:00,003 File unchanged, skipping backup: C:\Users\Milind\Music\Afterglow - Ed Sheeran.m4a
2024-08-13 01:28:00,054 File unchanged, skipping backup: C:\Users\Milind\Music\Air Gear OST - 30 - Anthem 4 Pipe Dreams.mp3
2024-08-13 01:28:00,124 File unchanged, skipping backup: C:\Users\Milind\Music\Alan Silvestri - The Real Hero (From Avengers Endgame Audio Only).mp3
2024-08-13 01:28:00,146 File unchanged, skipping backup: C:\Users\Milind\Music\ANRI - I Can't Stop The Loneliness - konata.m4a
2024-08-13 01:28:00,168 File unchanged, skipping backup: C:\Users\Milind\Music\ANRI - I Can_t Stop The Loneliness - konata.m4a
2024-08-13 01:28:00,168 File unchanged, skipping backup: C:\Users\Milind\Music\au_uu_SzH34yR2.mp3
2024-08-13 01:28:00,184 File unchanged, skipping backup: C:\Users\Milind\Music\Baby One More Time (from Kung Fu Panda 4) - Tenacious D.m4a
2024-08-13 01:28:00,196 File unchanged, skipping backup: C:\Users\Milind\Music\Belong Together - Mark Ambor.m4a
2024-08-13 01:28:00,233 File unchanged, skipping backup: C:\Users\Milind\Music\Blue - Best In Me [with].mp3
2024-08-13 01:28:00,276 File unchanged, skipping backup: C:\Users\Milind\Music\blue - you make me wanna.mp3
2024-08-13 01:28:00,317 File unchanged, skipping backup: C:\Users\Milind\Music\Blue Featuring Elton John - Sorry Seems To Be The Hardest Word (Official Video).mp3
2024-08-13 01:28:00,317 File unchanged, skipping backup: C:\Users\Milind\Music\Blue.m3u
2024-08-13 01:28:00,360 File unchanged, skipping backup: C:\Users\Milind\Music\Camila Cabello - Havana (Audio) ft. Young Thug.mp3
2024-08-13 01:28:00,383 File unchanged, skipping backup: C:\Users\Milind\Music\Chaand Baaliyan - Aditya A.m4a
2024-08-13 01:28:00,394 File unchanged, skipping backup: C:\Users\Milind\Music\City of Stars - Ryan Gosling & Emma Stone.m4a
2024-08-13 01:28:00,403 File unchanged, skipping backup: C:\Users\Milind\Music\City Of Stars - Ryan Gosling.m4a
2024-08-13 01:28:00,423 File unchanged, skipping backup: C:\Users\Milind\Music\Crow - Jin san Kim \uae40\uc9c4\uc0b0.m4a
2024-08-13 01:28:00,424 File unchanged, skipping backup: C:\Users\Milind\Music\desktop.ini
2024-08-13 01:28:00,446 File unchanged, skipping backup: C:\Users\Milind\Music\Eden - MONKEY MAJIK OFFICIAL CHANNEL.m4a
2024-08-13 01:28:00,455 File unchanged, skipping backup: C:\Users\Milind\Music\Eminem - Stan ft. Dido (mp3cut.net).mp3
2024-08-13 01:28:00,456 File unchanged, skipping backup: C:\Users\Milind\Music\English.m3u
2024-08-13 01:28:00,456 File unchanged, skipping backup: C:\Users\Milind\Music\English.sync-conflict-20240812-234744-OVWUR2L.m3u
2024-08-13 01:28:00,475 File unchanged, skipping backup: C:\Users\Milind\Music\Have you Heard.mp3
2024-08-13 01:28:00,523 File unchanged, skipping backup: C:\Users\Milind\Music\Hikaru Nara (\u5149\u308b\u306a\u3089) - Genshin Chinese VAs Colour Coded (Kan Rom Eng).mp3
2024-08-13 01:28:00,524 File unchanged, skipping backup: C:\Users\Milind\Music\Hindi songs.m3u
2024-08-13 01:28:00,539 File unchanged, skipping backup: C:\Users\Milind\Music\I Need You Most Of All - Stephen Sanchez.m4a
2024-08-13 01:28:00,580 File unchanged, skipping backup: C:\Users\Milind\Music\I Want It That Way - Backstreet Boys.m4a
2024-08-13 01:28:00,601 File unchanged, skipping backup: C:\Users\Milind\Music\I Was Made For Lovin’ You (from The Fall Guy) - YUNGBLUD.m4a
2024-08-13 01:28:00,601 File unchanged, skipping backup: C:\Users\Milind\Music\Japanese songs.m3u
2024-08-13 01:28:00,638 File unchanged, skipping backup: C:\Users\Milind\Music\kali uchis - telepatía (slowed & reverb) [with] (1).mp3
2024-08-13 01:28:00,657 File unchanged, skipping backup: C:\Users\Milind\Music\Need For Speed (Linkin Park - Roads Untraveled) Music Video - Martin Johannessen.m4a
2024-08-13 01:28:00,672 File unchanged, skipping backup: C:\Users\Milind\Music\NSYNC - Bye Bye Bye (Lyrics) (from Deadpool & Wolverine) - GOD LYRICS.m4a
2024-08-13 01:28:00,686 File unchanged, skipping backup: C:\Users\Milind\Music\Old Town Road (Official Video) (feat Billy Ray Cyrus) - Lil Nas X.m4a
2024-08-13 01:28:00,686 File unchanged, skipping backup: C:\Users\Milind\Music\Other.m3u
2024-08-13 01:28:00,709 File unchanged, skipping backup: C:\Users\Milind\Music\Over_the_Horizon.mp3
2024-08-13 01:28:00,727 File unchanged, skipping backup: C:\Users\Milind\Music\Rauf & Faik  \u044d\u0442\u043e \u043b\u0438 \u0441\u0447\u0430\u0441\u0442\u044c\u0435 (Official Audio) - Rauf & Faik.m4a
2024-08-13 01:28:00,763 File unchanged, skipping backup: C:\Users\Milind\Music\Señorita - Shawn Mendes, Camila Cabello.m4a
2024-08-13 01:28:00,807 File unchanged, skipping backup: C:\Users\Milind\Music\Shape of You - Ed Sheeran.m4a
2024-08-13 01:28:00,823 File unchanged, skipping backup: C:\Users\Milind\Music\Shinunoga E-Wa - Fujii Kaze.m4a
2024-08-13 01:28:00,841 File unchanged, skipping backup: C:\Users\Milind\Music\Somewhere Only We Know - Keane.m4a
2024-08-13 01:28:00,841 File unchanged, skipping backup: C:\Users\Milind\Music\Treat.m3u
2024-08-13 01:28:00,904 File unchanged, skipping backup: C:\Users\Milind\Music\Tum Se Hi - Pritam, Mohit Chauhan.m4a
2024-08-13 01:28:00,964 File unchanged, skipping backup: C:\Users\Milind\Music\Tune Jo Na Kaha - Mohit Chauhan, Pritam, Sandeep Shrivastava.m4a
2024-08-13 01:28:00,976 File unchanged, skipping backup: C:\Users\Milind\Music\Zara Zara behekta h (mp3cut.net).mp3
2024-08-13 01:28:01,024 File unchanged, skipping backup: C:\Users\Milind\Music\[TYER] English Shigatsu wa Kimi no Uso OP1 - Hikaru Nara [feat. Group] (FULL).mp3
2024-08-13 01:28:01,049 File unchanged, skipping backup: C:\Users\Milind\Music\\u571f\u5c90\u9ebb\u5b50 \u300cHOME\u300dMusic Video - Asako Toki.m4a
2024-08-13 01:28:01,050 File unchanged, skipping backup: C:\Users\Milind\Music\.thumbnails\.database_uuid
2024-08-13 01:28:01,050 File unchanged, skipping backup: C:\Users\Milind\Music\.thumbnails\.nomedia
2024-08-13 01:28:01,050 File unchanged, skipping backup: C:\Users\Milind\Music\.thumbnails\1000001763.jpg
2024-08-13 01:28:01,074 File unchanged, skipping backup: C:\Users\Milind\Music\Samsung\Over_the_Horizon.mp3
2024-08-13 11:10:41,166 Run Disabled, Exiting Process: __main__
2024-08-13 11:11:11,664 File unchanged, skipping backup: C:\Users\Milind\Music\@coldplay - Clocks (Lyrics) - Dan Music.m4a
2024-08-13 11:11:11,804 File unchanged, skipping backup: C:\Users\Milind\Music\A Man Without Love - Engelbert Humperdinck.m4a
2024-08-13 11:11:12,017 File unchanged, skipping backup: C:\Users\Milind\Music\Afterglow - Ed Sheeran.m4a
2024-08-13 11:11:12,287 File unchanged, skipping backup: C:\Users\Milind\Music\Air Gear OST - 30 - Anthem 4 Pipe Dreams.mp3
2024-08-13 11:11:12,636 File unchanged, skipping backup: C:\Users\Milind\Music\Alan Silvestri - The Real Hero (From Avengers Endgame Audio Only).mp3
2024-08-13 11:11:12,774 File unchanged, skipping backup: C:\Users\Milind\Music\ANRI - I Can't Stop The Loneliness - konata.m4a
2024-08-13 11:11:12,904 File unchanged, skipping backup: C:\Users\Milind\Music\ANRI - I Can_t Stop The Loneliness - konata.m4a
2024-08-13 11:11:12,919 File unchanged, skipping backup: C:\Users\Milind\Music\au_uu_SzH34yR2.mp3
2024-08-13 11:11:13,017 File unchanged, skipping backup: C:\Users\Milind\Music\Baby One More Time (from Kung Fu Panda 4) - Tenacious D.m4a
2024-08-13 11:11:13,104 File unchanged, skipping backup: C:\Users\Milind\Music\Belong Together - Mark Ambor.m4a
2024-08-13 11:11:13,307 File unchanged, skipping backup: C:\Users\Milind\Music\Blue - Best In Me [with].mp3
2024-08-13 11:11:13,532 File unchanged, skipping backup: C:\Users\Milind\Music\blue - you make me wanna.mp3
2024-08-13 11:11:13,759 File unchanged, skipping backup: C:\Users\Milind\Music\Blue Featuring Elton John - Sorry Seems To Be The Hardest Word (Official Video).mp3
2024-08-13 11:11:13,761 File unchanged, skipping backup: C:\Users\Milind\Music\Blue.m3u
2024-08-13 11:11:13,984 File unchanged, skipping backup: C:\Users\Milind\Music\Camila Cabello - Havana (Audio) ft. Young Thug.mp3
2024-08-13 11:11:14,108 File unchanged, skipping backup: C:\Users\Milind\Music\Chaand Baaliyan - Aditya A.m4a
2024-08-13 11:11:14,178 File unchanged, skipping backup: C:\Users\Milind\Music\City of Stars - Ryan Gosling & Emma Stone.m4a
2024-08-13 11:11:14,241 File unchanged, skipping backup: C:\Users\Milind\Music\City Of Stars - Ryan Gosling.m4a
2024-08-13 11:11:14,359 File unchanged, skipping backup: C:\Users\Milind\Music\Crow - Jin san Kim \uae40\uc9c4\uc0b0.m4a
2024-08-13 11:11:14,361 File unchanged, skipping backup: C:\Users\Milind\Music\desktop.ini
2024-08-13 11:11:14,558 File unchanged, skipping backup: C:\Users\Milind\Music\Eden - MONKEY MAJIK OFFICIAL CHANNEL.m4a
2024-08-13 11:11:14,620 File unchanged, skipping backup: C:\Users\Milind\Music\Eminem - Stan ft. Dido (mp3cut.net).mp3
2024-08-13 11:11:14,634 File unchanged, skipping backup: C:\Users\Milind\Music\English.m3u
2024-08-13 11:11:14,650 File unchanged, skipping backup: C:\Users\Milind\Music\English.sync-conflict-20240812-234744-OVWUR2L.m3u
2024-08-13 11:11:14,815 File unchanged, skipping backup: C:\Users\Milind\Music\Have you Heard.mp3
2024-08-13 11:11:15,087 File unchanged, skipping backup: C:\Users\Milind\Music\Hikaru Nara (\u5149\u308b\u306a\u3089) - Genshin Chinese VAs Colour Coded (Kan Rom Eng).mp3
2024-08-13 11:11:15,089 File unchanged, skipping backup: C:\Users\Milind\Music\Hindi songs.m3u
2024-08-13 11:11:15,187 File unchanged, skipping backup: C:\Users\Milind\Music\I Need You Most Of All - Stephen Sanchez.m4a
2024-08-13 11:11:15,411 File unchanged, skipping backup: C:\Users\Milind\Music\I Want It That Way - Backstreet Boys.m4a
2024-08-13 11:11:15,536 File unchanged, skipping backup: C:\Users\Milind\Music\I Was Made For Lovin’ You (from The Fall Guy) - YUNGBLUD.m4a
2024-08-13 11:11:15,538 File unchanged, skipping backup: C:\Users\Milind\Music\Japanese songs.m3u
2024-08-13 11:11:15,748 File unchanged, skipping backup: C:\Users\Milind\Music\kali uchis - telepatía (slowed & reverb) [with] (1).mp3
2024-08-13 11:11:15,873 File unchanged, skipping backup: C:\Users\Milind\Music\Need For Speed (Linkin Park - Roads Untraveled) Music Video - Martin Johannessen.m4a
2024-08-13 11:11:15,970 File unchanged, skipping backup: C:\Users\Milind\Music\NSYNC - Bye Bye Bye (Lyrics) (from Deadpool & Wolverine) - GOD LYRICS.m4a
2024-08-13 11:11:16,066 File unchanged, skipping backup: C:\Users\Milind\Music\Old Town Road (Official Video) (feat Billy Ray Cyrus) - Lil Nas X.m4a
2024-08-13 11:11:16,067 File unchanged, skipping backup: C:\Users\Milind\Music\Other.m3u
2024-08-13 11:11:16,197 File unchanged, skipping backup: C:\Users\Milind\Music\Over_the_Horizon.mp3
2024-08-13 11:11:16,307 File unchanged, skipping backup: C:\Users\Milind\Music\Rauf & Faik  \u044d\u0442\u043e \u043b\u0438 \u0441\u0447\u0430\u0441\u0442\u044c\u0435 (Official Audio) - Rauf & Faik.m4a
2024-08-13 11:11:16,516 File unchanged, skipping backup: C:\Users\Milind\Music\Señorita - Shawn Mendes, Camila Cabello.m4a
2024-08-13 11:11:16,755 File unchanged, skipping backup: C:\Users\Milind\Music\Shape of You - Ed Sheeran.m4a
2024-08-13 11:11:16,851 File unchanged, skipping backup: C:\Users\Milind\Music\Shinunoga E-Wa - Fujii Kaze.m4a
2024-08-13 11:11:16,940 File unchanged, skipping backup: C:\Users\Milind\Music\Somewhere Only We Know - Keane.m4a
2024-08-13 11:11:16,957 File unchanged, skipping backup: C:\Users\Milind\Music\Treat.m3u
2024-08-13 11:11:17,276 File unchanged, skipping backup: C:\Users\Milind\Music\Tum Se Hi - Pritam, Mohit Chauhan.m4a
2024-08-13 11:11:17,598 File unchanged, skipping backup: C:\Users\Milind\Music\Tune Jo Na Kaha - Mohit Chauhan, Pritam, Sandeep Shrivastava.m4a
2024-08-13 11:11:17,701 File unchanged, skipping backup: C:\Users\Milind\Music\Zara Zara behekta h (mp3cut.net).mp3
2024-08-13 11:11:17,936 File unchanged, skipping backup: C:\Users\Milind\Music\[TYER] English Shigatsu wa Kimi no Uso OP1 - Hikaru Nara [feat. Group] (FULL).mp3
2024-08-13 11:11:18,065 File unchanged, skipping backup: C:\Users\Milind\Music\\u571f\u5c90\u9ebb\u5b50 \u300cHOME\u300dMusic Video - Asako Toki.m4a
2024-08-13 11:11:18,067 File unchanged, skipping backup: C:\Users\Milind\Music\.thumbnails\.database_uuid
2024-08-13 11:11:18,067 File unchanged, skipping backup: C:\Users\Milind\Music\.thumbnails\.nomedia
2024-08-13 11:11:18,081 File unchanged, skipping backup: C:\Users\Milind\Music\.thumbnails\1000001763.jpg
2024-08-13 11:11:18,246 File unchanged, skipping backup: C:\Users\Milind\Music\Samsung\Over_the_Horizon.mp3
2024-08-13 11:11:48,309 File unchanged, skipping backup: C:\Users\Milind\Music\@coldplay - Clocks (Lyrics) - Dan Music.m4a
2024-08-13 11:11:48,338 File unchanged, skipping backup: C:\Users\Milind\Music\A Man Without Love - Engelbert Humperdinck.m4a
2024-08-13 11:11:48,405 File unchanged, skipping backup: C:\Users\Milind\Music\Afterglow - Ed Sheeran.m4a
2024-08-13 11:11:48,480 File unchanged, skipping backup: C:\Users\Milind\Music\Air Gear OST - 30 - Anthem 4 Pipe Dreams.mp3
2024-08-13 11:11:48,592 File unchanged, skipping backup: C:\Users\Milind\Music\Alan Silvestri - The Real Hero (From Avengers Endgame Audio Only).mp3
2024-08-13 11:11:48,628 File unchanged, skipping backup: C:\Users\Milind\Music\ANRI - I Can't Stop The Loneliness - konata.m4a
2024-08-13 11:11:48,668 File unchanged, skipping backup: C:\Users\Milind\Music\ANRI - I Can_t Stop The Loneliness - konata.m4a
2024-08-13 11:11:48,669 File unchanged, skipping backup: C:\Users\Milind\Music\au_uu_SzH34yR2.mp3
2024-08-13 11:11:48,701 File unchanged, skipping backup: C:\Users\Milind\Music\Baby One More Time (from Kung Fu Panda 4) - Tenacious D.m4a
2024-08-13 11:11:48,722 File unchanged, skipping backup: C:\Users\Milind\Music\Belong Together - Mark Ambor.m4a
2024-08-13 11:11:48,779 File unchanged, skipping backup: C:\Users\Milind\Music\Blue - Best In Me [with].mp3
2024-08-13 11:11:48,839 File unchanged, skipping backup: C:\Users\Milind\Music\blue - you make me wanna.mp3
2024-08-13 11:11:48,912 File unchanged, skipping backup: C:\Users\Milind\Music\Blue Featuring Elton John - Sorry Seems To Be The Hardest Word (Official Video).mp3
2024-08-13 11:11:48,913 File unchanged, skipping backup: C:\Users\Milind\Music\Blue.m3u
2024-08-13 11:11:49,004 File unchanged, skipping backup: C:\Users\Milind\Music\Camila Cabello - Havana (Audio) ft. Young Thug.mp3
2024-08-13 11:11:49,052 File unchanged, skipping backup: C:\Users\Milind\Music\Chaand Baaliyan - Aditya A.m4a
2024-08-13 11:11:49,082 File unchanged, skipping backup: C:\Users\Milind\Music\City of Stars - Ryan Gosling & Emma Stone.m4a
2024-08-13 11:11:49,103 File unchanged, skipping backup: C:\Users\Milind\Music\City Of Stars - Ryan Gosling.m4a
2024-08-13 11:11:49,146 File unchanged, skipping backup: C:\Users\Milind\Music\Crow - Jin san Kim \uae40\uc9c4\uc0b0.m4a
2024-08-13 11:11:49,146 File unchanged, skipping backup: C:\Users\Milind\Music\desktop.ini
2024-08-13 11:11:49,217 File unchanged, skipping backup: C:\Users\Milind\Music\Eden - MONKEY MAJIK OFFICIAL CHANNEL.m4a
2024-08-13 11:11:49,246 File unchanged, skipping backup: C:\Users\Milind\Music\Eminem - Stan ft. Dido (mp3cut.net).mp3
2024-08-13 11:11:49,247 File unchanged, skipping backup: C:\Users\Milind\Music\English.m3u
2024-08-13 11:11:49,248 File unchanged, skipping backup: C:\Users\Milind\Music\English.sync-conflict-20240812-234744-OVWUR2L.m3u
2024-08-13 11:11:49,286 File unchanged, skipping backup: C:\Users\Milind\Music\Have you Heard.mp3
2024-08-13 11:11:49,368 File unchanged, skipping backup: C:\Users\Milind\Music\Hikaru Nara (\u5149\u308b\u306a\u3089) - Genshin Chinese VAs Colour Coded (Kan Rom Eng).mp3
2024-08-13 11:11:49,368 File unchanged, skipping backup: C:\Users\Milind\Music\Hindi songs.m3u
2024-08-13 11:11:49,394 File unchanged, skipping backup: C:\Users\Milind\Music\I Need You Most Of All - Stephen Sanchez.m4a
2024-08-13 11:11:49,488 File unchanged, skipping backup: C:\Users\Milind\Music\I Want It That Way - Backstreet Boys.m4a
2024-08-13 11:11:49,535 File unchanged, skipping backup: C:\Users\Milind\Music\I Was Made For Lovin’ You (from The Fall Guy) - YUNGBLUD.m4a
2024-08-13 11:11:49,535 File unchanged, skipping backup: C:\Users\Milind\Music\Japanese songs.m3u
2024-08-13 11:11:49,617 File unchanged, skipping backup: C:\Users\Milind\Music\kali uchis - telepatía (slowed & reverb) [with] (1).mp3
2024-08-13 11:11:49,659 File unchanged, skipping backup: C:\Users\Milind\Music\Need For Speed (Linkin Park - Roads Untraveled) Music Video - Martin Johannessen.m4a
2024-08-13 11:11:49,692 File unchanged, skipping backup: C:\Users\Milind\Music\NSYNC - Bye Bye Bye (Lyrics) (from Deadpool & Wolverine) - GOD LYRICS.m4a
2024-08-13 11:11:49,721 File unchanged, skipping backup: C:\Users\Milind\Music\Old Town Road (Official Video) (feat Billy Ray Cyrus) - Lil Nas X.m4a
2024-08-13 11:11:49,721 File unchanged, skipping backup: C:\Users\Milind\Music\Other.m3u
2024-08-13 11:11:49,772 File unchanged, skipping backup: C:\Users\Milind\Music\Over_the_Horizon.mp3
2024-08-13 11:11:49,808 File unchanged, skipping backup: C:\Users\Milind\Music\Rauf & Faik  \u044d\u0442\u043e \u043b\u0438 \u0441\u0447\u0430\u0441\u0442\u044c\u0435 (Official Audio) - Rauf & Faik.m4a
2024-08-13 11:11:49,890 File unchanged, skipping backup: C:\Users\Milind\Music\Señorita - Shawn Mendes, Camila Cabello.m4a
2024-08-13 11:11:49,984 File unchanged, skipping backup: C:\Users\Milind\Music\Shape of You - Ed Sheeran.m4a
2024-08-13 11:11:50,016 File unchanged, skipping backup: C:\Users\Milind\Music\Shinunoga E-Wa - Fujii Kaze.m4a
2024-08-13 11:11:50,058 File unchanged, skipping backup: C:\Users\Milind\Music\Somewhere Only We Know - Keane.m4a
2024-08-13 11:11:50,058 File unchanged, skipping backup: C:\Users\Milind\Music\Treat.m3u
2024-08-13 11:11:50,205 File unchanged, skipping backup: C:\Users\Milind\Music\Tum Se Hi - Pritam, Mohit Chauhan.m4a
2024-08-13 11:11:50,341 File unchanged, skipping backup: C:\Users\Milind\Music\Tune Jo Na Kaha - Mohit Chauhan, Pritam, Sandeep Shrivastava.m4a
2024-08-13 11:11:50,369 File unchanged, skipping backup: C:\Users\Milind\Music\Zara Zara behekta h (mp3cut.net).mp3
2024-08-13 11:11:50,472 File unchanged, skipping backup: C:\Users\Milind\Music\[TYER] English Shigatsu wa Kimi no Uso OP1 - Hikaru Nara [feat. Group] (FULL).mp3
2024-08-13 11:11:50,525 File unchanged, skipping backup: C:\Users\Milind\Music\\u571f\u5c90\u9ebb\u5b50 \u300cHOME\u300dMusic Video - Asako Toki.m4a
2024-08-13 11:11:50,527 File unchanged, skipping backup: C:\Users\Milind\Music\.thumbnails\.database_uuid
2024-08-13 11:11:50,527 File unchanged, skipping backup: C:\Users\Milind\Music\.thumbnails\.nomedia
2024-08-13 11:11:50,528 File unchanged, skipping backup: C:\Users\Milind\Music\.thumbnails\1000001763.jpg
2024-08-13 11:11:50,583 File unchanged, skipping backup: C:\Users\Milind\Music\Samsung\Over_the_Horizon.mp3
2024-08-13 11:12:20,651 File unchanged, skipping backup: C:\Users\Milind\Music\@coldplay - Clocks (Lyrics) - Dan Music.m4a
2024-08-13 11:12:20,687 File unchanged, skipping backup: C:\Users\Milind\Music\A Man Without Love - Engelbert Humperdinck.m4a
2024-08-13 11:12:20,765 File unchanged, skipping backup: C:\Users\Milind\Music\Afterglow - Ed Sheeran.m4a
2024-08-13 11:12:20,862 File unchanged, skipping backup: C:\Users\Milind\Music\Air Gear OST - 30 - Anthem 4 Pipe Dreams.mp3
2024-08-13 11:12:21,010 File unchanged, skipping backup: C:\Users\Milind\Music\Alan Silvestri - The Real Hero (From Avengers Endgame Audio Only).mp3
2024-08-13 11:12:21,057 File unchanged, skipping backup: C:\Users\Milind\Music\ANRI - I Can't Stop The Loneliness - konata.m4a
2024-08-13 11:12:21,105 File unchanged, skipping backup: C:\Users\Milind\Music\ANRI - I Can_t Stop The Loneliness - konata.m4a
2024-08-13 11:12:21,105 File unchanged, skipping backup: C:\Users\Milind\Music\au_uu_SzH34yR2.mp3
2024-08-13 11:12:21,138 File unchanged, skipping backup: C:\Users\Milind\Music\Baby One More Time (from Kung Fu Panda 4) - Tenacious D.m4a
2024-08-13 11:12:21,165 File unchanged, skipping backup: C:\Users\Milind\Music\Belong Together - Mark Ambor.m4a
2024-08-13 11:12:21,249 File unchanged, skipping backup: C:\Users\Milind\Music\Blue - Best In Me [with].mp3
2024-08-13 11:12:21,340 File unchanged, skipping backup: C:\Users\Milind\Music\blue - you make me wanna.mp3
2024-08-13 11:12:21,433 File unchanged, skipping backup: C:\Users\Milind\Music\Blue Featuring Elton John - Sorry Seems To Be The Hardest Word (Official Video).mp3
2024-08-13 11:12:21,434 File unchanged, skipping backup: C:\Users\Milind\Music\Blue.m3u
2024-08-13 11:12:21,503 File unchanged, skipping backup: C:\Users\Milind\Music\Camila Cabello - Havana (Audio) ft. Young Thug.mp3
2024-08-13 11:12:21,546 File unchanged, skipping backup: C:\Users\Milind\Music\Chaand Baaliyan - Aditya A.m4a
2024-08-13 11:12:21,572 File unchanged, skipping backup: C:\Users\Milind\Music\City of Stars - Ryan Gosling & Emma Stone.m4a
2024-08-13 11:12:21,594 File unchanged, skipping backup: C:\Users\Milind\Music\City Of Stars - Ryan Gosling.m4a
2024-08-13 11:12:21,638 File unchanged, skipping backup: C:\Users\Milind\Music\Crow - Jin san Kim \uae40\uc9c4\uc0b0.m4a
2024-08-13 11:12:21,639 File unchanged, skipping backup: C:\Users\Milind\Music\desktop.ini
2024-08-13 11:12:21,687 File unchanged, skipping backup: C:\Users\Milind\Music\Eden - MONKEY MAJIK OFFICIAL CHANNEL.m4a
2024-08-13 11:12:21,709 File unchanged, skipping backup: C:\Users\Milind\Music\Eminem - Stan ft. Dido (mp3cut.net).mp3
2024-08-13 11:12:21,710 File unchanged, skipping backup: C:\Users\Milind\Music\English.m3u
2024-08-13 11:12:21,711 File unchanged, skipping backup: C:\Users\Milind\Music\English.sync-conflict-20240812-234744-OVWUR2L.m3u
2024-08-13 11:12:21,750 File unchanged, skipping backup: C:\Users\Milind\Music\Have you Heard.mp3
2024-08-13 11:12:21,856 File unchanged, skipping backup: C:\Users\Milind\Music\Hikaru Nara (\u5149\u308b\u306a\u3089) - Genshin Chinese VAs Colour Coded (Kan Rom Eng).mp3
2024-08-13 11:12:21,857 File unchanged, skipping backup: C:\Users\Milind\Music\Hindi songs.m3u
2024-08-13 11:12:21,892 File unchanged, skipping backup: C:\Users\Milind\Music\I Need You Most Of All - Stephen Sanchez.m4a
2024-08-13 11:12:21,982 File unchanged, skipping backup: C:\Users\Milind\Music\I Want It That Way - Backstreet Boys.m4a
2024-08-13 11:12:22,027 File unchanged, skipping backup: C:\Users\Milind\Music\I Was Made For Lovin’ You (from The Fall Guy) - YUNGBLUD.m4a
2024-08-13 11:12:22,028 File unchanged, skipping backup: C:\Users\Milind\Music\Japanese songs.m3u
2024-08-13 11:12:22,108 File unchanged, skipping backup: C:\Users\Milind\Music\kali uchis - telepatía (slowed & reverb) [with] (1).mp3
2024-08-13 11:12:22,148 File unchanged, skipping backup: C:\Users\Milind\Music\Need For Speed (Linkin Park - Roads Untraveled) Music Video - Martin Johannessen.m4a
2024-08-13 11:12:22,182 File unchanged, skipping backup: C:\Users\Milind\Music\NSYNC - Bye Bye Bye (Lyrics) (from Deadpool & Wolverine) - GOD LYRICS.m4a
2024-08-13 11:12:22,210 File unchanged, skipping backup: C:\Users\Milind\Music\Old Town Road (Official Video) (feat Billy Ray Cyrus) - Lil Nas X.m4a
2024-08-13 11:12:22,211 File unchanged, skipping backup: C:\Users\Milind\Music\Other.m3u
2024-08-13 11:12:22,260 File unchanged, skipping backup: C:\Users\Milind\Music\Over_the_Horizon.mp3
2024-08-13 11:12:22,299 File unchanged, skipping backup: C:\Users\Milind\Music\Rauf & Faik  \u044d\u0442\u043e \u043b\u0438 \u0441\u0447\u0430\u0441\u0442\u044c\u0435 (Official Audio) - Rauf & Faik.m4a
2024-08-13 11:12:22,380 File unchanged, skipping backup: C:\Users\Milind\Music\Señorita - Shawn Mendes, Camila Cabello.m4a
2024-08-13 11:12:22,478 File unchanged, skipping backup: C:\Users\Milind\Music\Shape of You - Ed Sheeran.m4a
2024-08-13 11:12:22,509 File unchanged, skipping backup: C:\Users\Milind\Music\Shinunoga E-Wa - Fujii Kaze.m4a
2024-08-13 11:12:22,552 File unchanged, skipping backup: C:\Users\Milind\Music\Somewhere Only We Know - Keane.m4a
2024-08-13 11:12:22,553 File unchanged, skipping backup: C:\Users\Milind\Music\Treat.m3u
2024-08-13 11:12:22,690 File unchanged, skipping backup: C:\Users\Milind\Music\Tum Se Hi - Pritam, Mohit Chauhan.m4a
2024-08-13 11:12:22,823 File unchanged, skipping backup: C:\Users\Milind\Music\Tune Jo Na Kaha - Mohit Chauhan, Pritam, Sandeep Shrivastava.m4a
2024-08-13 11:12:22,852 File unchanged, skipping backup: C:\Users\Milind\Music\Zara Zara behekta h (mp3cut.net).mp3
2024-08-13 11:12:22,962 File unchanged, skipping backup: C:\Users\Milind\Music\[TYER] English Shigatsu wa Kimi no Uso OP1 - Hikaru Nara [feat. Group] (FULL).mp3
2024-08-13 11:12:23,016 File unchanged, skipping backup: C:\Users\Milind\Music\\u571f\u5c90\u9ebb\u5b50 \u300cHOME\u300dMusic Video - Asako Toki.m4a
2024-08-13 11:12:23,018 File unchanged, skipping backup: C:\Users\Milind\Music\.thumbnails\.database_uuid
2024-08-13 11:12:23,018 File unchanged, skipping backup: C:\Users\Milind\Music\.thumbnails\.nomedia
2024-08-13 11:12:23,020 File unchanged, skipping backup: C:\Users\Milind\Music\.thumbnails\1000001763.jpg
2024-08-13 11:12:23,075 File unchanged, skipping backup: C:\Users\Milind\Music\Samsung\Over_the_Horizon.mp3
2024-08-13 11:29:19,806 Run Disabled, Exiting Process: __main__
2024-08-13 11:29:49,808 Run Disabled, Exiting Process: __main__
2024-08-13 11:30:07,795 Run Disabled, Exiting Process: __main__
2024-08-13 11:30:37,796 Run Disabled, Exiting Process: __main__
