2024-08-19 19:04:56,390 Run Disabled, Exiting Process: __main__
2024-08-19 19:05:26,393 Run Disabled, Exiting Process: __main__
2024-08-19 19:05:56,395 Run Disabled, Exiting Process: __main__
2024-08-19 19:06:26,396 Run Disabled, Exiting Process: __main__
2024-08-19 19:06:56,400 Run Disabled, Exiting Process: __main__
2024-08-19 19:07:26,406 Run Disabled, Exiting Process: __main__
2024-08-19 19:07:56,409 Run Disabled, Exiting Process: __main__
2024-08-19 19:12:45,175 Run Disabled, Exiting Process: __main__
2024-08-19 19:17:20,757 Run Disabled, Exiting Process: __main__
2024-08-19 19:17:35,974 Run Disabled, Exiting Process: __main__
2024-08-19 19:17:58,116 File unchanged, skipping backup: C:\Users\Milind\Music\@coldplay - Clocks (Lyrics) - Dan Music.m4a
2024-08-19 19:17:58,353 File unchanged, skipping backup: C:\Users\Milind\Music\A Man Without Love - Engelbert Humperdinck.m4a
2024-08-19 19:17:58,633 File unchanged, skipping backup: C:\Users\Milind\Music\Afterglow - Ed Sheeran.m4a
2024-08-19 19:17:59,000 File unchanged, skipping backup: C:\Users\Milind\Music\Air Gear OST - 30 - Anthem 4 Pipe Dreams.mp3
2024-08-19 19:17:59,410 File unchanged, skipping backup: C:\Users\Milind\Music\Alan Silvestri - The Real Hero (From Avengers Endgame Audio Only).mp3
2024-08-19 19:17:59,616 File unchanged, skipping backup: C:\Users\Milind\Music\ANRI - I Can't Stop The Loneliness - konata.m4a
2024-08-19 19:17:59,788 File unchanged, skipping backup: C:\Users\Milind\Music\ANRI - I Can_t Stop The Loneliness - konata.m4a
2024-08-19 19:17:59,804 File unchanged, skipping backup: C:\Users\Milind\Music\au_uu_SzH34yR2.mp3
2024-08-19 19:17:59,962 File unchanged, skipping backup: C:\Users\Milind\Music\Baby One More Time (from Kung Fu Panda 4) - Tenacious D.m4a
2024-08-19 19:18:00,059 File unchanged, skipping backup: C:\Users\Milind\Music\Belong Together - Mark Ambor.m4a
2024-08-19 19:18:00,309 File unchanged, skipping backup: C:\Users\Milind\Music\Blue - Best In Me [with].mp3
2024-08-19 19:18:00,655 File unchanged, skipping backup: C:\Users\Milind\Music\blue - you make me wanna.mp3
2024-08-19 19:18:00,924 File unchanged, skipping backup: C:\Users\Milind\Music\Blue Featuring Elton John - Sorry Seems To Be The Hardest Word (Official Video).mp3
2024-08-19 19:18:00,971 File unchanged, skipping backup: C:\Users\Milind\Music\Blue.m3u
2024-08-19 19:18:01,255 File unchanged, skipping backup: C:\Users\Milind\Music\Camila Cabello - Havana (Audio) ft. Young Thug.mp3
2024-08-19 19:18:01,412 File unchanged, skipping backup: C:\Users\Milind\Music\Chaand Baaliyan - Aditya A.m4a
2024-08-19 19:18:01,554 File unchanged, skipping backup: C:\Users\Milind\Music\City of Stars - Ryan Gosling & Emma Stone.m4a
2024-08-19 19:18:01,665 File unchanged, skipping backup: C:\Users\Milind\Music\City Of Stars - Ryan Gosling.m4a
2024-08-19 19:18:01,779 File unchanged, skipping backup: C:\Users\Milind\Music\Crow - Jin san Kim \uae40\uc9c4\uc0b0.m4a
2024-08-19 19:18:01,792 File unchanged, skipping backup: C:\Users\Milind\Music\desktop.ini
2024-08-19 19:18:01,982 File unchanged, skipping backup: C:\Users\Milind\Music\Eden - MONKEY MAJIK OFFICIAL CHANNEL.m4a
2024-08-19 19:18:02,092 File unchanged, skipping backup: C:\Users\Milind\Music\Eminem - Stan ft. Dido (mp3cut.net).mp3
2024-08-19 19:18:02,140 File unchanged, skipping backup: C:\Users\Milind\Music\English.m3u
2024-08-19 19:18:02,171 File unchanged, skipping backup: C:\Users\Milind\Music\English.sync-conflict-20240812-234744-OVWUR2L.m3u
2024-08-19 19:18:02,344 File unchanged, skipping backup: C:\Users\Milind\Music\Have you Heard.mp3
2024-08-19 19:18:02,630 File unchanged, skipping backup: C:\Users\Milind\Music\Hikaru Nara (\u5149\u308b\u306a\u3089) - Genshin Chinese VAs Colour Coded (Kan Rom Eng).mp3
2024-08-19 19:18:02,630 File unchanged, skipping backup: C:\Users\Milind\Music\Hindi songs.m3u
2024-08-19 19:18:02,726 File unchanged, skipping backup: C:\Users\Milind\Music\I Need You Most Of All - Stephen Sanchez.m4a
2024-08-19 19:18:03,010 File unchanged, skipping backup: C:\Users\Milind\Music\I Want It That Way - Backstreet Boys.m4a
2024-08-19 19:18:03,168 File unchanged, skipping backup: C:\Users\Milind\Music\I Was Made For Lovin’ You (from The Fall Guy) - YUNGBLUD.m4a
2024-08-19 19:18:03,186 File unchanged, skipping backup: C:\Users\Milind\Music\Japanese songs.m3u
2024-08-19 19:18:03,406 File unchanged, skipping backup: C:\Users\Milind\Music\kali uchis - telepatía (slowed & reverb) [with] (1).mp3
2024-08-19 19:18:03,595 File unchanged, skipping backup: C:\Users\Milind\Music\Need For Speed (Linkin Park - Roads Untraveled) Music Video - Martin Johannessen.m4a
2024-08-19 19:18:03,736 File unchanged, skipping backup: C:\Users\Milind\Music\NSYNC - Bye Bye Bye (Lyrics) (from Deadpool & Wolverine) - GOD LYRICS.m4a
2024-08-19 19:18:03,864 File unchanged, skipping backup: C:\Users\Milind\Music\Old Town Road (Official Video) (feat Billy Ray Cyrus) - Lil Nas X.m4a
2024-08-19 19:18:03,878 File unchanged, skipping backup: C:\Users\Milind\Music\Other.m3u
2024-08-19 19:18:04,069 File unchanged, skipping backup: C:\Users\Milind\Music\Over_the_Horizon.mp3
2024-08-19 19:18:04,230 File unchanged, skipping backup: C:\Users\Milind\Music\Rauf & Faik  \u044d\u0442\u043e \u043b\u0438 \u0441\u0447\u0430\u0441\u0442\u044c\u0435 (Official Audio) - Rauf & Faik.m4a
2024-08-19 19:18:04,513 File unchanged, skipping backup: C:\Users\Milind\Music\Señorita - Shawn Mendes, Camila Cabello.m4a
2024-08-19 19:18:04,774 File unchanged, skipping backup: C:\Users\Milind\Music\Shape of You - Ed Sheeran.m4a
2024-08-19 19:18:04,955 File unchanged, skipping backup: C:\Users\Milind\Music\Shinunoga E-Wa - Fujii Kaze.m4a
2024-08-19 19:18:05,066 File unchanged, skipping backup: C:\Users\Milind\Music\Shounenki - Tetsuya Takeda.m4a
2024-08-19 19:18:05,195 File unchanged, skipping backup: C:\Users\Milind\Music\Somewhere Only We Know - Keane.m4a
2024-08-19 19:18:05,240 File unchanged, skipping backup: C:\Users\Milind\Music\Treat.m3u
2024-08-19 19:18:05,620 File unchanged, skipping backup: C:\Users\Milind\Music\Tum Se Hi - Pritam, Mohit Chauhan.m4a
2024-08-19 19:18:05,951 File unchanged, skipping backup: C:\Users\Milind\Music\Tune Jo Na Kaha - Mohit Chauhan, Pritam, Sandeep Shrivastava.m4a
2024-08-19 19:18:06,064 File unchanged, skipping backup: C:\Users\Milind\Music\Zara Zara behekta h (mp3cut.net).mp3
2024-08-19 19:18:06,345 File unchanged, skipping backup: C:\Users\Milind\Music\[TYER] English Shigatsu wa Kimi no Uso OP1 - Hikaru Nara [feat. Group] (FULL).mp3
2024-08-19 19:18:06,550 File unchanged, skipping backup: C:\Users\Milind\Music\\u571f\u5c90\u9ebb\u5b50 \u300cHOME\u300dMusic Video - Asako Toki.m4a
2024-08-19 19:18:06,565 File unchanged, skipping backup: C:\Users\Milind\Music\.thumbnails\.database_uuid
2024-08-19 19:18:06,565 File unchanged, skipping backup: C:\Users\Milind\Music\.thumbnails\.nomedia
2024-08-19 19:18:06,597 File unchanged, skipping backup: C:\Users\Milind\Music\.thumbnails\1000001763.jpg
2024-08-19 19:18:06,762 File unchanged, skipping backup: C:\Users\Milind\Music\Samsung\Over_the_Horizon.mp3
2024-08-19 19:18:36,789 File unchanged, skipping backup: C:\Users\Milind\Music\@coldplay - Clocks (Lyrics) - Dan Music.m4a
2024-08-19 19:18:36,793 File unchanged, skipping backup: C:\Users\Milind\Music\A Man Without Love - Engelbert Humperdinck.m4a
2024-08-19 19:18:36,826 File unchanged, skipping backup: C:\Users\Milind\Music\Afterglow - Ed Sheeran.m4a
2024-08-19 19:18:36,872 File unchanged, skipping backup: C:\Users\Milind\Music\Air Gear OST - 30 - Anthem 4 Pipe Dreams.mp3
2024-08-19 19:18:36,920 File unchanged, skipping backup: C:\Users\Milind\Music\Alan Silvestri - The Real Hero (From Avengers Endgame Audio Only).mp3
2024-08-19 19:18:36,934 File unchanged, skipping backup: C:\Users\Milind\Music\ANRI - I Can't Stop The Loneliness - konata.m4a
2024-08-19 19:18:36,950 File unchanged, skipping backup: C:\Users\Milind\Music\ANRI - I Can_t Stop The Loneliness - konata.m4a
2024-08-19 19:18:36,950 File unchanged, skipping backup: C:\Users\Milind\Music\au_uu_SzH34yR2.mp3
2024-08-19 19:18:36,969 File unchanged, skipping backup: C:\Users\Milind\Music\Baby One More Time (from Kung Fu Panda 4) - Tenacious D.m4a
2024-08-19 19:18:36,969 File unchanged, skipping backup: C:\Users\Milind\Music\Belong Together - Mark Ambor.m4a
2024-08-19 19:18:36,997 File unchanged, skipping backup: C:\Users\Milind\Music\Blue - Best In Me [with].mp3
2024-08-19 19:18:37,028 File unchanged, skipping backup: C:\Users\Milind\Music\blue - you make me wanna.mp3
2024-08-19 19:18:37,059 File unchanged, skipping backup: C:\Users\Milind\Music\Blue Featuring Elton John - Sorry Seems To Be The Hardest Word (Official Video).mp3
2024-08-19 19:18:37,059 File unchanged, skipping backup: C:\Users\Milind\Music\Blue.m3u
2024-08-19 19:18:37,090 File unchanged, skipping backup: C:\Users\Milind\Music\Camila Cabello - Havana (Audio) ft. Young Thug.mp3
2024-08-19 19:18:37,106 File unchanged, skipping backup: C:\Users\Milind\Music\Chaand Baaliyan - Aditya A.m4a
2024-08-19 19:18:37,122 File unchanged, skipping backup: C:\Users\Milind\Music\City of Stars - Ryan Gosling & Emma Stone.m4a
2024-08-19 19:18:37,137 File unchanged, skipping backup: C:\Users\Milind\Music\City Of Stars - Ryan Gosling.m4a
2024-08-19 19:18:37,137 File unchanged, skipping backup: C:\Users\Milind\Music\Crow - Jin san Kim \uae40\uc9c4\uc0b0.m4a
2024-08-19 19:18:37,137 File unchanged, skipping backup: C:\Users\Milind\Music\desktop.ini
2024-08-19 19:18:37,169 File unchanged, skipping backup: C:\Users\Milind\Music\Eden - MONKEY MAJIK OFFICIAL CHANNEL.m4a
2024-08-19 19:18:37,169 File unchanged, skipping backup: C:\Users\Milind\Music\Eminem - Stan ft. Dido (mp3cut.net).mp3
2024-08-19 19:18:37,169 File unchanged, skipping backup: C:\Users\Milind\Music\English.m3u
2024-08-19 19:18:37,169 File unchanged, skipping backup: C:\Users\Milind\Music\English.sync-conflict-20240812-234744-OVWUR2L.m3u
2024-08-19 19:18:37,184 File unchanged, skipping backup: C:\Users\Milind\Music\Have you Heard.mp3
2024-08-19 19:18:37,215 File unchanged, skipping backup: C:\Users\Milind\Music\Hikaru Nara (\u5149\u308b\u306a\u3089) - Genshin Chinese VAs Colour Coded (Kan Rom Eng).mp3
2024-08-19 19:18:37,215 File unchanged, skipping backup: C:\Users\Milind\Music\Hindi songs.m3u
2024-08-19 19:18:37,233 File unchanged, skipping backup: C:\Users\Milind\Music\I Need You Most Of All - Stephen Sanchez.m4a
2024-08-19 19:18:37,263 File unchanged, skipping backup: C:\Users\Milind\Music\I Want It That Way - Backstreet Boys.m4a
2024-08-19 19:18:37,278 File unchanged, skipping backup: C:\Users\Milind\Music\I Was Made For Lovin’ You (from The Fall Guy) - YUNGBLUD.m4a
2024-08-19 19:18:37,278 File unchanged, skipping backup: C:\Users\Milind\Music\Japanese songs.m3u
2024-08-19 19:18:37,310 File unchanged, skipping backup: C:\Users\Milind\Music\kali uchis - telepatía (slowed & reverb) [with] (1).mp3
2024-08-19 19:18:37,325 File unchanged, skipping backup: C:\Users\Milind\Music\Need For Speed (Linkin Park - Roads Untraveled) Music Video - Martin Johannessen.m4a
2024-08-19 19:18:37,325 File unchanged, skipping backup: C:\Users\Milind\Music\NSYNC - Bye Bye Bye (Lyrics) (from Deadpool & Wolverine) - GOD LYRICS.m4a
2024-08-19 19:18:37,341 File unchanged, skipping backup: C:\Users\Milind\Music\Old Town Road (Official Video) (feat Billy Ray Cyrus) - Lil Nas X.m4a
2024-08-19 19:18:37,341 File unchanged, skipping backup: C:\Users\Milind\Music\Other.m3u
2024-08-19 19:18:37,357 File unchanged, skipping backup: C:\Users\Milind\Music\Over_the_Horizon.mp3
2024-08-19 19:18:37,372 File unchanged, skipping backup: C:\Users\Milind\Music\Rauf & Faik  \u044d\u0442\u043e \u043b\u0438 \u0441\u0447\u0430\u0441\u0442\u044c\u0435 (Official Audio) - Rauf & Faik.m4a
2024-08-19 19:18:37,404 File unchanged, skipping backup: C:\Users\Milind\Music\Señorita - Shawn Mendes, Camila Cabello.m4a
2024-08-19 19:18:37,435 File unchanged, skipping backup: C:\Users\Milind\Music\Shape of You - Ed Sheeran.m4a
2024-08-19 19:18:37,450 File unchanged, skipping backup: C:\Users\Milind\Music\Shinunoga E-Wa - Fujii Kaze.m4a
2024-08-19 19:18:37,466 File unchanged, skipping backup: C:\Users\Milind\Music\Shounenki - Tetsuya Takeda.m4a
2024-08-19 19:18:37,466 File unchanged, skipping backup: C:\Users\Milind\Music\Somewhere Only We Know - Keane.m4a
2024-08-19 19:18:37,466 File unchanged, skipping backup: C:\Users\Milind\Music\Treat.m3u
2024-08-19 19:18:37,528 File unchanged, skipping backup: C:\Users\Milind\Music\Tum Se Hi - Pritam, Mohit Chauhan.m4a
2024-08-19 19:18:37,561 File unchanged, skipping backup: C:\Users\Milind\Music\Tune Jo Na Kaha - Mohit Chauhan, Pritam, Sandeep Shrivastava.m4a
2024-08-19 19:18:37,576 File unchanged, skipping backup: C:\Users\Milind\Music\Zara Zara behekta h (mp3cut.net).mp3
2024-08-19 19:18:37,608 File unchanged, skipping backup: C:\Users\Milind\Music\[TYER] English Shigatsu wa Kimi no Uso OP1 - Hikaru Nara [feat. Group] (FULL).mp3
2024-08-19 19:18:37,623 File unchanged, skipping backup: C:\Users\Milind\Music\\u571f\u5c90\u9ebb\u5b50 \u300cHOME\u300dMusic Video - Asako Toki.m4a
2024-08-19 19:18:37,623 File unchanged, skipping backup: C:\Users\Milind\Music\.thumbnails\.database_uuid
2024-08-19 19:18:37,639 File unchanged, skipping backup: C:\Users\Milind\Music\.thumbnails\.nomedia
2024-08-19 19:18:37,639 File unchanged, skipping backup: C:\Users\Milind\Music\.thumbnails\1000001763.jpg
2024-08-19 19:18:37,654 File unchanged, skipping backup: C:\Users\Milind\Music\Samsung\Over_the_Horizon.mp3
